<?xml version="1.0" encoding="UTF-8"?>
<!-- Generated by org.testng.reporters.JUnitReportReporter -->
<testsuite hostname="DESKTOP-SCKF30Q" failures="0" tests="1" name="testapiframework.TestChrome" time="3.048" errors="0" timestamp="2023-12-27T15:21:40 IST" skipped="0">
  <testcase classname="testapiframework.TestChrome" name="testM" time="3.048"/>
  <system-out/>
</testsuite> <!-- testapiframework.TestChrome -->
