<?xml version="1.0" encoding="UTF-8"?>
<!-- Generated by org.testng.reporters.JUnitReportReporter -->
<testsuite hostname="DESKTOP-SCKF30Q" failures="0" tests="2" name="testapiframework.ProjectTest" time="11.077" errors="0" timestamp="2023-12-27T17:04:48 IST" skipped="0">
  <testcase classname="testapiframework.ProjectTest" name="createProjectTest1" time="5.728"/>
  <system-out>
    <![CDATA[Project created successfully using API
Project verified On GUI
Project verified in DB
TC is Pass]]>
  </system-out>
  <testcase classname="testapiframework.ProjectTest" name="createProjectTest2" time="5.349"/>
  <system-out>
    <![CDATA[***Lite747***
Created the Project using GUI
Got the project using API
Verified in DB]]>
  </system-out>
</testsuite> <!-- testapiframework.ProjectTest -->
